<?xml version="1.0" encoding="UTF-8"?>
<testng-results ignored="0" total="1" passed="1" failed="0" skipped="0">
  <reporter-output>
  </reporter-output>
  <suite started-at="2021-06-06T13:28:45Z" name="Default suite" finished-at="2021-06-06T13:28:50Z" duration-ms="5194">
    <groups>
    </groups>
    <test started-at="2021-06-06T13:28:45Z" name="Default test" finished-at="2021-06-06T13:28:50Z" duration-ms="5194">
      <class name="testNGProject.BlurOrRed">
        <test-method signature="setUp()[pri:0, instance:testNGProject.BlurOrRed@394df057]" started-at="2021-06-06T13:28:45Z" name="setUp" finished-at="2021-06-06T13:28:50Z" duration-ms="5175" status="PASS">
          <reporter-output>
          </reporter-output>
        </test-method> <!-- setUp -->
      </class> <!-- testNGProject.BlurOrRed -->
    </test> <!-- Default test -->
  </suite> <!-- Default suite -->
</testng-results>
