<?xml version="1.0" encoding="UTF-8"?>
<testng-results ignored="0" total="1" passed="1" failed="0" skipped="0">
  <reporter-output>
  </reporter-output>
  <suite started-at="2021-06-06T15:19:26Z" name="Default suite" finished-at="2021-06-06T15:19:32Z" duration-ms="6061">
    <groups>
    </groups>
    <test started-at="2021-06-06T15:19:26Z" name="Default test" finished-at="2021-06-06T15:19:32Z" duration-ms="6061">
      <class name="wordpressMyProfile.MyProfileTestCase3">
        <test-method signature="setUp()[pri:0, instance:wordpressMyProfile.MyProfileTestCase3@394df057]" started-at="2021-06-06T15:19:26Z" name="setUp" finished-at="2021-06-06T15:19:32Z" duration-ms="6043" status="PASS">
          <reporter-output>
          </reporter-output>
        </test-method> <!-- setUp -->
      </class> <!-- wordpressMyProfile.MyProfileTestCase3 -->
    </test> <!-- Default test -->
  </suite> <!-- Default suite -->
</testng-results>
